[0mCompiling "resources/public/js/main.js" from ["src"]...
Compiling /Users/hero/code/om-tutorial/src/om_tutorial/core.cljs
Compiling target/figwheel_temp/dev/figwheel/connect.cljs
notifying browser that file changed:  resources/public/js/goog/deps.js
notifying browser that file changed:  resources/public/js/cljs_deps.js
notifying browser that file changed:  out/om_tutorial/core.js
[32mSuccessfully compiled "resources/public/js/main.js" in 0.248 seconds.[0m
[0mCompiling "resources/public/js/main.js" from ["src"]...
Compiling /Users/hero/code/om-tutorial/src/om_tutorial/core.cljs
Compiling target/figwheel_temp/dev/figwheel/connect.cljs
notifying browser that file changed:  out/om_tutorial/core.js
[32mSuccessfully compiled "resources/public/js/main.js" in 0.171 seconds.[0m
[0mCompiling "resources/public/js/main.js" from ["src"]...
Compiling /Users/hero/code/om-tutorial/src/om_tutorial/core.cljs
Compiling target/figwheel_temp/dev/figwheel/connect.cljs
notifying browser that file changed:  out/om_tutorial/core.js
[32mSuccessfully compiled "resources/public/js/main.js" in 0.224 seconds.[0m
[0mCompiling "resources/public/js/main.js" from ["src"]...
Compiling /Users/hero/code/om-tutorial/src/om_tutorial/core.cljs
Compiling target/figwheel_temp/dev/figwheel/connect.cljs
notifying browser that file changed:  out/om_tutorial/core.js
[32mSuccessfully compiled "resources/public/js/main.js" in 0.258 seconds.[0m
[0mCompiling "resources/public/js/main.js" from ["src"]...
Compiling /Users/hero/code/om-tutorial/src/om_tutorial/core.cljs
WARNING: Use of undeclared Var om-tutorial.core/Person at line 33 /Users/hero/code/om-tutorial/src/om_tutorial/core.cljs
WARNING: Use of undeclared Var om-tutorial.core/Person at line 33 /Users/hero/code/om-tutorial/src/om_tutorial/core.cljs
Compiling target/figwheel_temp/dev/figwheel/connect.cljs
notifying browser that file changed:  out/om_tutorial/core.js
[32mSuccessfully compiled "resources/public/js/main.js" in 0.322 seconds.[0m
[0mCompiling "resources/public/js/main.js" from ["src"]...
Compiling /Users/hero/code/om-tutorial/src/om_tutorial/core.cljs
Compiling target/figwheel_temp/dev/figwheel/connect.cljs
notifying browser that file changed:  out/om_tutorial/core.js
[32mSuccessfully compiled "resources/public/js/main.js" in 0.254 seconds.[0m
[0mCompiling "resources/public/js/main.js" from ["src"]...
Compiling /Users/hero/code/om-tutorial/src/om_tutorial/core.cljs
Compiling target/figwheel_temp/dev/figwheel/connect.cljs
notifying browser that file changed:  out/om_tutorial/core.js
[32mSuccessfully compiled "resources/public/js/main.js" in 0.262 seconds.[0m
[0mCompiling "resources/public/js/main.js" from ["src"]...
Compiling /Users/hero/code/om-tutorial/src/om_tutorial/core.cljs
Compiling target/figwheel_temp/dev/figwheel/connect.cljs
notifying browser that file changed:  out/om_tutorial/core.js
[32mSuccessfully compiled "resources/public/js/main.js" in 0.286 seconds.[0m
[0mCompiling "resources/public/js/main.js" from ["src"]...
Compiling /Users/hero/code/om-tutorial/src/om_tutorial/core.cljs
Compiling target/figwheel_temp/dev/figwheel/connect.cljs
notifying browser that file changed:  out/om_tutorial/core.js
[32mSuccessfully compiled "resources/public/js/main.js" in 2.798 seconds.[0m
[0mCompiling "resources/public/js/main.js" from ["src"]...
Compiling /Users/hero/code/om-tutorial/src/om_tutorial/core.cljs
Compiling target/figwheel_temp/dev/figwheel/connect.cljs
notifying browser that file changed:  out/om_tutorial/core.js
[32mSuccessfully compiled "resources/public/js/main.js" in 2.185 seconds.[0m
[0mCompiling "resources/public/js/main.js" from ["src"]...
Compiling /Users/hero/code/om-tutorial/src/om_tutorial/core.cljs
Compiling target/figwheel_temp/dev/figwheel/connect.cljs
notifying browser that file changed:  out/om_tutorial/core.js
[32mSuccessfully compiled "resources/public/js/main.js" in 2.343 seconds.[0m
[0mCompiling "resources/public/js/main.js" from ["src"]...
Compiling /Users/hero/code/om-tutorial/src/om_tutorial/core.cljs
Compiling target/figwheel_temp/dev/figwheel/connect.cljs
notifying browser that file changed:  out/om_tutorial/core.js
[32mSuccessfully compiled "resources/public/js/main.js" in 1.865 seconds.[0m
[0mCompiling "resources/public/js/main.js" from ["src"]...
Compiling /Users/hero/code/om-tutorial/src/om_tutorial/core.cljs
Compiling target/figwheel_temp/dev/figwheel/connect.cljs
notifying browser that file changed:  out/om_tutorial/core.js
[32mSuccessfully compiled "resources/public/js/main.js" in 1.857 seconds.[0m
[0mCompiling "resources/public/js/main.js" from ["src"]...
Compiling /Users/hero/code/om-tutorial/src/om_tutorial/core.cljs
Compiling target/figwheel_temp/dev/figwheel/connect.cljs
notifying browser that file changed:  out/om_tutorial/core.js
[32mSuccessfully compiled "resources/public/js/main.js" in 1.014 seconds.[0m
[0mCompiling "resources/public/js/main.js" from ["src"]...
Compiling /Users/hero/code/om-tutorial/src/om_tutorial/core.cljs
Compiling target/figwheel_temp/dev/figwheel/connect.cljs
notifying browser that file changed:  out/om_tutorial/core.js
[32mSuccessfully compiled "resources/public/js/main.js" in 1.161 seconds.[0m
[0mCompiling "resources/public/js/main.js" from ["src"]...
Compiling /Users/hero/code/om-tutorial/src/om_tutorial/core.cljs
[31mCompiling "resources/public/js/main.js" failed.
[0mERROR: EOF while reading, starting at line 114 and column 11 on file /Users/hero/code/om-tutorial/src/om_tutorial/core.cljs, line 135, column 1
[32mSuccessfully compiled "resources/public/js/main.js" in 0.178 seconds.[0m
[0mCompiling "resources/public/js/main.js" from ["src"]...
Compiling /Users/hero/code/om-tutorial/src/om_tutorial/core.cljs
[31mCompiling "resources/public/js/main.js" failed.
[0mERROR: EOF while reading, starting at line 94 and column 11 on file /Users/hero/code/om-tutorial/src/om_tutorial/core.cljs, line 115, column 1
[32mSuccessfully compiled "resources/public/js/main.js" in 0.188 seconds.[0m
[0mCompiling "resources/public/js/main.js" from ["src"]...
Compiling /Users/hero/code/om-tutorial/src/om_tutorial/core.cljs
Compiling target/figwheel_temp/dev/figwheel/connect.cljs
notifying browser that file changed:  out/om_tutorial/core.js
[32mSuccessfully compiled "resources/public/js/main.js" in 0.301 seconds.[0m
[0mCompiling "resources/public/js/main.js" from ["src"]...
Compiling /Users/hero/code/om-tutorial/src/om_tutorial/core.cljs
Compiling target/figwheel_temp/dev/figwheel/connect.cljs
notifying browser that file changed:  out/om_tutorial/core.js
[32mSuccessfully compiled "resources/public/js/main.js" in 0.292 seconds.[0m
[0mCompiling "resources/public/js/main.js" from ["src"]...
Compiling /Users/hero/code/om-tutorial/src/om_tutorial/core.cljs
Compiling target/figwheel_temp/dev/figwheel/connect.cljs
notifying browser that file changed:  out/om_tutorial/core.js
[32mSuccessfully compiled "resources/public/js/main.js" in 0.372 seconds.[0m
[0mCompiling "resources/public/js/main.js" from ["src"]...
Compiling /Users/hero/code/om-tutorial/src/om_tutorial/core.cljs
Compiling target/figwheel_temp/dev/figwheel/connect.cljs
notifying browser that file changed:  out/om_tutorial/core.js
[32mSuccessfully compiled "resources/public/js/main.js" in 0.306 seconds.[0m
[0mCompiling "resources/public/js/main.js" from ["src"]...
Compiling /Users/hero/code/om-tutorial/src/om_tutorial/core.cljs
Compiling target/figwheel_temp/dev/figwheel/connect.cljs
notifying browser that file changed:  out/om_tutorial/core.js
[32mSuccessfully compiled "resources/public/js/main.js" in 0.281 seconds.[0m
[0mCompiling "resources/public/js/main.js" from ["src"]...
Compiling /Users/hero/code/om-tutorial/src/om_tutorial/core.cljs
Compiling target/figwheel_temp/dev/figwheel/connect.cljs
notifying browser that file changed:  out/om_tutorial/core.js
[32mSuccessfully compiled "resources/public/js/main.js" in 0.291 seconds.[0m
[0mCompiling "resources/public/js/main.js" from ["src"]...
Compiling /Users/hero/code/om-tutorial/src/om_tutorial/core.cljs
Compiling target/figwheel_temp/dev/figwheel/connect.cljs
notifying browser that file changed:  out/om_tutorial/core.js
[32mSuccessfully compiled "resources/public/js/main.js" in 0.289 seconds.[0m
[0mCompiling "resources/public/js/main.js" from ["src"]...
Compiling /Users/hero/code/om-tutorial/src/om_tutorial/core.cljs
Compiling target/figwheel_temp/dev/figwheel/connect.cljs
notifying browser that file changed:  out/om_tutorial/core.js
[32mSuccessfully compiled "resources/public/js/main.js" in 0.287 seconds.[0m
[0mCompiling "resources/public/js/main.js" from ["src"]...
Compiling /Users/hero/code/om-tutorial/src/om_tutorial/core.cljs
Compiling target/figwheel_temp/dev/figwheel/connect.cljs
notifying browser that file changed:  out/om_tutorial/core.js
[32mSuccessfully compiled "resources/public/js/main.js" in 0.284 seconds.[0m
[0mCompiling "resources/public/js/main.js" from ["src"]...
Compiling /Users/hero/code/om-tutorial/src/om_tutorial/core.cljs
Compiling target/figwheel_temp/dev/figwheel/connect.cljs
notifying browser that file changed:  out/om_tutorial/core.js
[32mSuccessfully compiled "resources/public/js/main.js" in 0.293 seconds.[0m
[0mCompiling "resources/public/js/main.js" from ["src"]...
Compiling /Users/hero/code/om-tutorial/src/om_tutorial/core.cljs
Compiling target/figwheel_temp/dev/figwheel/connect.cljs
notifying browser that file changed:  out/om_tutorial/core.js
[32mSuccessfully compiled "resources/public/js/main.js" in 0.317 seconds.[0m
[0mCompiling "resources/public/js/main.js" from ["src"]...
Compiling src/om_tutorial/core.cljs
Compiling target/figwheel_temp/dev/figwheel/connect.cljs
notifying browser that file changed:  resources/public/js/goog/deps.js
notifying browser that file changed:  resources/public/js/cljs_deps.js
notifying browser that file changed:  out/om_tutorial/core.js
[32mSuccessfully compiled "resources/public/js/main.js" in 0.485 seconds.[0m
[0mCompiling "resources/public/js/main.js" from ["src"]...
Compiling src/om_tutorial/core.cljs
Compiling target/figwheel_temp/dev/figwheel/connect.cljs
notifying browser that file changed:  out/om_tutorial/core.js
[32mSuccessfully compiled "resources/public/js/main.js" in 0.327 seconds.[0m
[0mCompiling "resources/public/js/main.js" from ["src"]...
Compiling src/om_tutorial/core.cljs
Compiling target/figwheel_temp/dev/figwheel/connect.cljs
notifying browser that file changed:  out/om_tutorial/core.js
[32mSuccessfully compiled "resources/public/js/main.js" in 0.349 seconds.[0m
[0mCompiling "resources/public/js/main.js" from ["src"]...
Compiling src/om_tutorial/core.cljs
Compiling target/figwheel_temp/dev/figwheel/connect.cljs
notifying browser that file changed:  out/om_tutorial/core.js
[32mSuccessfully compiled "resources/public/js/main.js" in 0.342 seconds.[0m
[0mCompiling "resources/public/js/main.js" from ["src"]...
Compiling src/om_tutorial/core.cljs
Compiling target/figwheel_temp/dev/figwheel/connect.cljs
notifying browser that file changed:  out/om_tutorial/core.js
[32mSuccessfully compiled "resources/public/js/main.js" in 0.309 seconds.[0m
[0mCompiling "resources/public/js/main.js" from ["src"]...
Compiling src/om_tutorial/core.cljs
Compiling target/figwheel_temp/dev/figwheel/connect.cljs
notifying browser that file changed:  out/om_tutorial/core.js
[32mSuccessfully compiled "resources/public/js/main.js" in 0.296 seconds.[0m
[0mCompiling "resources/public/js/main.js" from ["src"]...
Compiling src/om_tutorial/core.cljs
Compiling target/figwheel_temp/dev/figwheel/connect.cljs
notifying browser that file changed:  out/om_tutorial/core.js
[32mSuccessfully compiled "resources/public/js/main.js" in 0.291 seconds.[0m
[0mCompiling "resources/public/js/main.js" from ["src"]...
Compiling src/om_tutorial/core.cljs
Compiling target/figwheel_temp/dev/figwheel/connect.cljs
notifying browser that file changed:  out/om_tutorial/core.js
[32mSuccessfully compiled "resources/public/js/main.js" in 0.332 seconds.[0m
[0mCompiling "resources/public/js/main.js" from ["src"]...
Compiling src/om_tutorial/core.cljs
Compiling target/figwheel_temp/dev/figwheel/connect.cljs
notifying browser that file changed:  out/om_tutorial/core.js
[32mSuccessfully compiled "resources/public/js/main.js" in 0.308 seconds.[0m
[0mCompiling "resources/public/js/main.js" from ["src"]...
Compiling src/om_tutorial/core.cljs
Compiling target/figwheel_temp/dev/figwheel/connect.cljs
notifying browser that file changed:  out/om_tutorial/core.js
[32mSuccessfully compiled "resources/public/js/main.js" in 0.333 seconds.[0m
[0mCompiling "resources/public/js/main.js" from ["src"]...
Compiling src/om_tutorial/core.cljs
Compiling target/figwheel_temp/dev/figwheel/connect.cljs
notifying browser that file changed:  out/om_tutorial/core.js
[32mSuccessfully compiled "resources/public/js/main.js" in 0.285 seconds.[0m
[0mCompiling "resources/public/js/main.js" from ["src"]...
Compiling src/om_tutorial/core.cljs
Compiling target/figwheel_temp/dev/figwheel/connect.cljs
notifying browser that file changed:  out/om_tutorial/core.js
[32mSuccessfully compiled "resources/public/js/main.js" in 0.293 seconds.[0m
[0mCompiling "resources/public/js/main.js" from ["src"]...
Compiling src/om_tutorial/core.cljs
Compiling target/figwheel_temp/dev/figwheel/connect.cljs
notifying browser that file changed:  out/om_tutorial/core.js
[32mSuccessfully compiled "resources/public/js/main.js" in 0.287 seconds.[0m
[0mCompiling "resources/public/js/main.js" from ["src"]...
Compiling src/om_tutorial/core.cljs
Compiling target/figwheel_temp/dev/figwheel/connect.cljs
notifying browser that file changed:  out/om_tutorial/core.js
[32mSuccessfully compiled "resources/public/js/main.js" in 0.289 seconds.[0m
[0mCompiling "resources/public/js/main.js" from ["src"]...
Compiling src/om_tutorial/core.cljs
Compiling target/figwheel_temp/dev/figwheel/connect.cljs
notifying browser that file changed:  out/om_tutorial/core.js
[32mSuccessfully compiled "resources/public/js/main.js" in 0.318 seconds.[0m
[0mCompiling "resources/public/js/main.js" from ["src"]...
Compiling src/om_tutorial/core.cljs
Compiling target/figwheel_temp/dev/figwheel/connect.cljs
notifying browser that file changed:  out/om_tutorial/core.js
[32mSuccessfully compiled "resources/public/js/main.js" in 0.292 seconds.[0m
[0mCompiling "resources/public/js/main.js" from ["src"]...
Compiling src/om_tutorial/core.cljs
Compiling target/figwheel_temp/dev/figwheel/connect.cljs
Reading analysis cache for file:/Users/hero/code/om-tutorial/src/om_tutorial/core.cljs
notifying browser that file changed:  out/om_tutorial/core.js
[32mSuccessfully compiled "resources/public/js/main.js" in 0.142 seconds.[0m
[0mCompiling "resources/public/js/main.js" from ["src"]...
Compiling src/om_tutorial/core.cljs
Compiling target/figwheel_temp/dev/figwheel/connect.cljs
notifying browser that file changed:  out/om_tutorial/core.js
[32mSuccessfully compiled "resources/public/js/main.js" in 0.181 seconds.[0m
[0mCompiling "resources/public/js/main.js" from ["src"]...
Compiling src/om_tutorial/core.cljs
Compiling target/figwheel_temp/dev/figwheel/connect.cljs
notifying browser that file changed:  out/om_tutorial/core.js
[32mSuccessfully compiled "resources/public/js/main.js" in 0.214 seconds.[0m
[0mCompiling "resources/public/js/main.js" from ["src"]...
Compiling src/om_tutorial/core.cljs
Compiling target/figwheel_temp/dev/figwheel/connect.cljs
notifying browser that file changed:  out/om_tutorial/core.js
[32mSuccessfully compiled "resources/public/js/main.js" in 0.222 seconds.[0m
[0mCompiling "resources/public/js/main.js" from ["src"]...
Compiling src/om_tutorial/core.cljs
Compiling target/figwheel_temp/dev/figwheel/connect.cljs
notifying browser that file changed:  out/om_tutorial/core.js
[32mSuccessfully compiled "resources/public/js/main.js" in 0.274 seconds.[0m
[0mCompiling "resources/public/js/main.js" from ["src"]...
Compiling src/om_tutorial/core.cljs
WARNING: Use of undeclared Var om-tutorial.core/init-data at line 162 src/om_tutorial/core.cljs
WARNING: Use of undeclared Var om-tutorial.core/RootView at line 166 src/om_tutorial/core.cljs
Compiling target/figwheel_temp/dev/figwheel/connect.cljs
notifying browser that file changed:  out/om_tutorial/core.js
[32mSuccessfully compiled "resources/public/js/main.js" in 0.267 seconds.[0m
[0mCompiling "resources/public/js/main.js" from ["src"]...
Compiling src/om_tutorial/core.cljs
WARNING: Use of undeclared Var om-tutorial.core/RootView at line 165 src/om_tutorial/core.cljs
Compiling target/figwheel_temp/dev/figwheel/connect.cljs
notifying browser that file changed:  out/om_tutorial/core.js
[32mSuccessfully compiled "resources/public/js/main.js" in 0.261 seconds.[0m
[0mCompiling "resources/public/js/main.js" from ["src"]...
Compiling src/om_tutorial/core.cljs
WARNING: Use of undeclared Var om-tutorial.core/init-data at line 162 src/om_tutorial/core.cljs
WARNING: Use of undeclared Var om-tutorial.core/RootView at line 166 src/om_tutorial/core.cljs
Compiling target/figwheel_temp/dev/figwheel/connect.cljs
notifying browser that file changed:  out/om_tutorial/core.js
[32mSuccessfully compiled "resources/public/js/main.js" in 0.276 seconds.[0m
[0mCompiling "resources/public/js/main.js" from ["src"]...
Compiling src/om_tutorial/core.cljs
WARNING: Use of undeclared Var om-tutorial.core/RootView at line 165 src/om_tutorial/core.cljs
Compiling target/figwheel_temp/dev/figwheel/connect.cljs
notifying browser that file changed:  out/om_tutorial/core.js
[32mSuccessfully compiled "resources/public/js/main.js" in 0.261 seconds.[0m
[0mCompiling "resources/public/js/main.js" from ["src"]...
Compiling src/om_tutorial/core.cljs
WARNING: Use of undeclared Var om-tutorial.core/RootView at line 166 src/om_tutorial/core.cljs
Compiling target/figwheel_temp/dev/figwheel/connect.cljs
notifying browser that file changed:  out/om_tutorial/core.js
[32mSuccessfully compiled "resources/public/js/main.js" in 0.264 seconds.[0m
[0mCompiling "resources/public/js/main.js" from ["src"]...
Compiling src/om_tutorial/core.cljs
WARNING: Use of undeclared Var om-tutorial.core/RootView at line 164 src/om_tutorial/core.cljs
Compiling target/figwheel_temp/dev/figwheel/connect.cljs
notifying browser that file changed:  out/om_tutorial/core.js
[32mSuccessfully compiled "resources/public/js/main.js" in 0.255 seconds.[0m
[0mCompiling "resources/public/js/main.js" from ["src"]...
Compiling src/om_tutorial/core.cljs
WARNING: Use of undeclared Var om-tutorial.core/RootView at line 164 src/om_tutorial/core.cljs
Compiling target/figwheel_temp/dev/figwheel/connect.cljs
notifying browser that file changed:  out/om_tutorial/core.js
[32mSuccessfully compiled "resources/public/js/main.js" in 0.269 seconds.[0m
[0mCompiling "resources/public/js/main.js" from ["src"]...
Compiling src/om_tutorial/core.cljs
Compiling target/figwheel_temp/dev/figwheel/connect.cljs
notifying browser that file changed:  out/om_tutorial/core.js
[32mSuccessfully compiled "resources/public/js/main.js" in 0.247 seconds.[0m
[0mCompiling "resources/public/js/main.js" from ["src"]...
Compiling src/om_tutorial/core.cljs
[31mCompiling "resources/public/js/main.js" failed.
[0mERROR: EOF while reading, starting at line 20 and column 3 on file /Users/hero/code/om-tutorial/src/om_tutorial/core.cljs, line 179, column 1
[32mSuccessfully compiled "resources/public/js/main.js" in 0.101 seconds.[0m
[0mCompiling "resources/public/js/main.js" from ["src"]...
Compiling src/om_tutorial/core.cljs
[31mCompiling "resources/public/js/main.js" failed.
[0mERROR: EOF while reading, starting at line 20 and column 3 on file /Users/hero/code/om-tutorial/src/om_tutorial/core.cljs, line 179, column 1
[32mSuccessfully compiled "resources/public/js/main.js" in 0.088 seconds.[0m
[0mCompiling "resources/public/js/main.js" from ["src"]...
Compiling src/om_tutorial/core.cljs
WARNING: Bad method signature in protocol implementation, om/IQuery does not declare method called render at line 8 src/om_tutorial/core.cljs
WARNING: Bad method signature in protocol implementation, om/IQuery does not declare method called render at line 8 src/om_tutorial/core.cljs
WARNING: Bad method signature in protocol implementation, om/IQuery does not declare method called render at line 16 src/om_tutorial/core.cljs
WARNING: Bad method signature in protocol implementation, om/IQuery does not declare method called render at line 16 src/om_tutorial/core.cljs
Compiling target/figwheel_temp/dev/figwheel/connect.cljs
notifying browser that file changed:  out/om_tutorial/core.js
[32mSuccessfully compiled "resources/public/js/main.js" in 0.39 seconds.[0m
[0mCompiling "resources/public/js/main.js" from ["src"]...
Compiling src/om_tutorial/core.cljs
Compiling target/figwheel_temp/dev/figwheel/connect.cljs
notifying browser that file changed:  out/om_tutorial/core.js
[32mSuccessfully compiled "resources/public/js/main.js" in 0.264 seconds.[0m
[0mCompiling "resources/public/js/main.js" from ["src"]...
Compiling src/om_tutorial/core.cljs
Compiling target/figwheel_temp/dev/figwheel/connect.cljs
notifying browser that file changed:  out/om_tutorial/core.js
[32mSuccessfully compiled "resources/public/js/main.js" in 0.253 seconds.[0m
[0mCompiling "resources/public/js/main.js" from ["src"]...
Compiling src/om_tutorial/core.cljs
Compiling target/figwheel_temp/dev/figwheel/connect.cljs
notifying browser that file changed:  out/om_tutorial/core.js
[32mSuccessfully compiled "resources/public/js/main.js" in 0.25 seconds.[0m
[0mCompiling "resources/public/js/main.js" from ["src"]...
Compiling src/om_tutorial/core.cljs
Compiling target/figwheel_temp/dev/figwheel/connect.cljs
notifying browser that file changed:  out/om_tutorial/core.js
[32mSuccessfully compiled "resources/public/js/main.js" in 0.257 seconds.[0m
[0mCompiling "resources/public/js/main.js" from ["src"]...
Compiling src/om_tutorial/core.cljs
Compiling target/figwheel_temp/dev/figwheel/connect.cljs
notifying browser that file changed:  out/om_tutorial/core.js
[32mSuccessfully compiled "resources/public/js/main.js" in 0.256 seconds.[0m
[0mCompiling "resources/public/js/main.js" from ["src"]...
Compiling /Users/hero/code/om-tutorial/src/om_tutorial/core.cljs
WARNING: Use of undeclared Var om-tutorial.core/init-data at line 173 /Users/hero/code/om-tutorial/src/om_tutorial/core.cljs
Compiling target/figwheel_temp/dev/figwheel/connect.cljs
notifying browser that file changed:  resources/public/js/goog/deps.js
notifying browser that file changed:  resources/public/js/cljs_deps.js
notifying browser that file changed:  out/om_tutorial/core.js
[32mSuccessfully compiled "resources/public/js/main.js" in 0.477 seconds.[0m
[0mCompiling "resources/public/js/main.js" from ["src"]...
Compiling /Users/hero/code/om-tutorial/src/om_tutorial/core.cljs
WARNING: Use of undeclared Var om-tutorial.core/init-data at line 173 /Users/hero/code/om-tutorial/src/om_tutorial/core.cljs
Compiling target/figwheel_temp/dev/figwheel/connect.cljs
notifying browser that file changed:  out/om_tutorial/core.js
[32mSuccessfully compiled "resources/public/js/main.js" in 0.305 seconds.[0m
[0mCompiling "resources/public/js/main.js" from ["src"]...
Compiling /Users/hero/code/om-tutorial/src/om_tutorial/core.cljs
Compiling target/figwheel_temp/dev/figwheel/connect.cljs
notifying browser that file changed:  out/om_tutorial/core.js
[32mSuccessfully compiled "resources/public/js/main.js" in 0.301 seconds.[0m
[0mCompiling "resources/public/js/main.js" from ["src"]...
Compiling /Users/hero/code/om-tutorial/src/om_tutorial/core.cljs
[31mCompiling "resources/public/js/main.js" failed.
[0mANALYSIS ERROR: Too many arguments to def at line 72 /Users/hero/code/om-tutorial/src/om_tutorial/core.cljs on file /Users/hero/code/om-tutorial/src/om_tutorial/core.cljs, line 72, column 1
[32mSuccessfully compiled "resources/public/js/main.js" in 0.232 seconds.[0m
[0mCompiling "resources/public/js/main.js" from ["src"]...
Compiling /Users/hero/code/om-tutorial/src/om_tutorial/core.cljs
WARNING: Use of undeclared Var om-tutorial.core/_ at line 73 /Users/hero/code/om-tutorial/src/om_tutorial/core.cljs
Compiling target/figwheel_temp/dev/figwheel/connect.cljs
notifying browser that file changed:  out/om_tutorial/core.js
[32mSuccessfully compiled "resources/public/js/main.js" in 0.31 seconds.[0m
[0mCompiling "resources/public/js/main.js" from ["src"]...
Compiling /Users/hero/code/om-tutorial/src/om_tutorial/core.cljs
WARNING: Use of undeclared Var om-tutorial.core/_ at line 73 /Users/hero/code/om-tutorial/src/om_tutorial/core.cljs
Compiling target/figwheel_temp/dev/figwheel/connect.cljs
notifying browser that file changed:  out/om_tutorial/core.js
[32mSuccessfully compiled "resources/public/js/main.js" in 0.285 seconds.[0m
[0mCompiling "resources/public/js/main.js" from ["src"]...
Compiling /Users/hero/code/om-tutorial/src/om_tutorial/core.cljs
WARNING: Use of undeclared Var om-tutorial.core/_ at line 74 /Users/hero/code/om-tutorial/src/om_tutorial/core.cljs
Compiling target/figwheel_temp/dev/figwheel/connect.cljs
notifying browser that file changed:  out/om_tutorial/core.js
[32mSuccessfully compiled "resources/public/js/main.js" in 0.307 seconds.[0m
[0mCompiling "resources/public/js/main.js" from ["src"]...
Compiling /Users/hero/code/om-tutorial/src/om_tutorial/core.cljs
WARNING: Use of undeclared Var om-tutorial.core/_ at line 74 /Users/hero/code/om-tutorial/src/om_tutorial/core.cljs
Compiling target/figwheel_temp/dev/figwheel/connect.cljs
notifying browser that file changed:  out/om_tutorial/core.js
[32mSuccessfully compiled "resources/public/js/main.js" in 0.316 seconds.[0m
[0mCompiling "resources/public/js/main.js" from ["src"]...
Compiling /Users/hero/code/om-tutorial/src/om_tutorial/core.cljs
WARNING: Use of undeclared Var om-tutorial.core/_ at line 74 /Users/hero/code/om-tutorial/src/om_tutorial/core.cljs
Compiling target/figwheel_temp/dev/figwheel/connect.cljs
notifying browser that file changed:  out/om_tutorial/core.js
[32mSuccessfully compiled "resources/public/js/main.js" in 0.344 seconds.[0m
[0mCompiling "resources/public/js/main.js" from ["src"]...
Compiling /Users/hero/code/om-tutorial/src/om_tutorial/core.cljs
WARNING: Use of undeclared Var om-tutorial.core/_ at line 74 /Users/hero/code/om-tutorial/src/om_tutorial/core.cljs
Compiling target/figwheel_temp/dev/figwheel/connect.cljs
notifying browser that file changed:  out/om_tutorial/core.js
[32mSuccessfully compiled "resources/public/js/main.js" in 0.305 seconds.[0m
[0mCompiling "resources/public/js/main.js" from ["src"]...
Compiling /Users/hero/code/om-tutorial/src/om_tutorial/core.cljs
WARNING: Use of undeclared Var om-tutorial.core/_ at line 76 /Users/hero/code/om-tutorial/src/om_tutorial/core.cljs
Compiling target/figwheel_temp/dev/figwheel/connect.cljs
notifying browser that file changed:  out/om_tutorial/core.js
[32mSuccessfully compiled "resources/public/js/main.js" in 0.283 seconds.[0m
[0mCompiling "resources/public/js/main.js" from ["src"]...
Compiling /Users/hero/code/om-tutorial/src/om_tutorial/core.cljs
WARNING: Use of undeclared Var om-tutorial.core/_ at line 74 /Users/hero/code/om-tutorial/src/om_tutorial/core.cljs
Compiling target/figwheel_temp/dev/figwheel/connect.cljs
notifying browser that file changed:  out/om_tutorial/core.js
[32mSuccessfully compiled "resources/public/js/main.js" in 0.281 seconds.[0m
[0mCompiling "resources/public/js/main.js" from ["src"]...
Compiling /Users/hero/code/om-tutorial/src/om_tutorial/core.cljs
Compiling target/figwheel_temp/dev/figwheel/connect.cljs
notifying browser that file changed:  out/om_tutorial/core.js
[32mSuccessfully compiled "resources/public/js/main.js" in 0.296 seconds.[0m
[0mCompiling "resources/public/js/main.js" from ["src"]...
Compiling /Users/hero/code/om-tutorial/src/om_tutorial/core.cljs
WARNING: Use of undeclared Var om-tutorial.core/_ at line 74 /Users/hero/code/om-tutorial/src/om_tutorial/core.cljs
Compiling target/figwheel_temp/dev/figwheel/connect.cljs
notifying browser that file changed:  out/om_tutorial/core.js
[32mSuccessfully compiled "resources/public/js/main.js" in 0.282 seconds.[0m
[0mCompiling "resources/public/js/main.js" from ["src"]...
Compiling /Users/hero/code/om-tutorial/src/om_tutorial/core.cljs
WARNING: Use of undeclared Var om-tutorial.core/_ at line 74 /Users/hero/code/om-tutorial/src/om_tutorial/core.cljs
Compiling target/figwheel_temp/dev/figwheel/connect.cljs
notifying browser that file changed:  out/om_tutorial/core.js
[32mSuccessfully compiled "resources/public/js/main.js" in 0.301 seconds.[0m
[0mCompiling "resources/public/js/main.js" from ["src"]...
Compiling /Users/hero/code/om-tutorial/src/om_tutorial/core.cljs
WARNING: Use of undeclared Var om-tutorial.core/_ at line 74 /Users/hero/code/om-tutorial/src/om_tutorial/core.cljs
Compiling target/figwheel_temp/dev/figwheel/connect.cljs
notifying browser that file changed:  out/om_tutorial/core.js
[32mSuccessfully compiled "resources/public/js/main.js" in 0.288 seconds.[0m
[0mCompiling "resources/public/js/main.js" from ["src"]...
Compiling /Users/hero/code/om-tutorial/src/om_tutorial/core.cljs
WARNING: Use of undeclared Var om-tutorial.core/_ at line 74 /Users/hero/code/om-tutorial/src/om_tutorial/core.cljs
Compiling target/figwheel_temp/dev/figwheel/connect.cljs
notifying browser that file changed:  out/om_tutorial/core.js
[32mSuccessfully compiled "resources/public/js/main.js" in 0.349 seconds.[0m
[0mCompiling "resources/public/js/main.js" from ["src"]...
Compiling /Users/hero/code/om-tutorial/src/om_tutorial/core.cljs
WARNING: Use of undeclared Var om-tutorial.core/_ at line 74 /Users/hero/code/om-tutorial/src/om_tutorial/core.cljs
Compiling target/figwheel_temp/dev/figwheel/connect.cljs
notifying browser that file changed:  out/om_tutorial/core.js
[32mSuccessfully compiled "resources/public/js/main.js" in 0.295 seconds.[0m
[0mCompiling "resources/public/js/main.js" from ["src"]...
Compiling /Users/hero/code/om-tutorial/src/om_tutorial/core.cljs
WARNING: Use of undeclared Var om-tutorial.core/_ at line 74 /Users/hero/code/om-tutorial/src/om_tutorial/core.cljs
Compiling target/figwheel_temp/dev/figwheel/connect.cljs
notifying browser that file changed:  out/om_tutorial/core.js
[32mSuccessfully compiled "resources/public/js/main.js" in 0.31 seconds.[0m
[0mCompiling "resources/public/js/main.js" from ["src"]...
Compiling /Users/hero/code/om-tutorial/src/om_tutorial/core.cljs
WARNING: Use of undeclared Var om-tutorial.core/_ at line 52 /Users/hero/code/om-tutorial/src/om_tutorial/core.cljs
Compiling target/figwheel_temp/dev/figwheel/connect.cljs
notifying browser that file changed:  out/om_tutorial/core.js
[32mSuccessfully compiled "resources/public/js/main.js" in 0.343 seconds.[0m
[0mCompiling "resources/public/js/main.js" from ["src"]...
Compiling /Users/hero/code/om-tutorial/src/om_tutorial/core.cljs
WARNING: Use of undeclared Var om-tutorial.core/_ at line 55 /Users/hero/code/om-tutorial/src/om_tutorial/core.cljs
Compiling target/figwheel_temp/dev/figwheel/connect.cljs
notifying browser that file changed:  out/om_tutorial/core.js
[32mSuccessfully compiled "resources/public/js/main.js" in 0.317 seconds.[0m
[0mCompiling "resources/public/js/main.js" from ["src"]...
Compiling /Users/hero/code/om-tutorial/src/om_tutorial/core.cljs
Compiling target/figwheel_temp/dev/figwheel/connect.cljs
notifying browser that file changed:  out/om_tutorial/core.js
[32mSuccessfully compiled "resources/public/js/main.js" in 0.255 seconds.[0m
[0mCompiling "resources/public/js/main.js" from ["src"]...
Compiling /Users/hero/code/om-tutorial/src/om_tutorial/core.cljs
Compiling target/figwheel_temp/dev/figwheel/connect.cljs
notifying browser that file changed:  out/om_tutorial/core.js
[32mSuccessfully compiled "resources/public/js/main.js" in 0.267 seconds.[0m
[0mCompiling "resources/public/js/main.js" from ["src"]...
Compiling /Users/hero/code/om-tutorial/src/om_tutorial/core.cljs
Compiling target/figwheel_temp/dev/figwheel/connect.cljs
notifying browser that file changed:  out/om_tutorial/core.js
[32mSuccessfully compiled "resources/public/js/main.js" in 0.27 seconds.[0m
[0mCompiling "resources/public/js/main.js" from ["src"]...
Compiling /Users/hero/code/om-tutorial/src/om_tutorial/core.cljs
Compiling target/figwheel_temp/dev/figwheel/connect.cljs
notifying browser that file changed:  out/om_tutorial/core.js
[32mSuccessfully compiled "resources/public/js/main.js" in 0.25 seconds.[0m
[0mCompiling "resources/public/js/main.js" from ["src"]...
Compiling /Users/hero/code/om-tutorial/src/om_tutorial/core.cljs
Compiling target/figwheel_temp/dev/figwheel/connect.cljs
notifying browser that file changed:  out/om_tutorial/core.js
[32mSuccessfully compiled "resources/public/js/main.js" in 0.261 seconds.[0m
[0mCompiling "resources/public/js/main.js" from ["src"]...
Compiling /Users/hero/code/om-tutorial/src/om_tutorial/core.cljs
Compiling target/figwheel_temp/dev/figwheel/connect.cljs
notifying browser that file changed:  out/om_tutorial/core.js
[32mSuccessfully compiled "resources/public/js/main.js" in 0.26 seconds.[0m
[0mCompiling "resources/public/js/main.js" from ["src"]...
Compiling /Users/hero/code/om-tutorial/src/om_tutorial/core.cljs
WARNING: Use of undeclared Var om-tutorial.core/_ at line 55 /Users/hero/code/om-tutorial/src/om_tutorial/core.cljs
Compiling target/figwheel_temp/dev/figwheel/connect.cljs
notifying browser that file changed:  out/om_tutorial/core.js
[32mSuccessfully compiled "resources/public/js/main.js" in 0.291 seconds.[0m
[0mCompiling "resources/public/js/main.js" from ["src"]...
Compiling /Users/hero/code/om-tutorial/src/om_tutorial/core.cljs
WARNING: Use of undeclared Var om-tutorial.core/_ at line 55 /Users/hero/code/om-tutorial/src/om_tutorial/core.cljs
Compiling target/figwheel_temp/dev/figwheel/connect.cljs
notifying browser that file changed:  out/om_tutorial/core.js
[32mSuccessfully compiled "resources/public/js/main.js" in 0.279 seconds.[0m
[0mCompiling "resources/public/js/main.js" from ["src"]...
Compiling /Users/hero/code/om-tutorial/src/om_tutorial/core.cljs
WARNING: Use of undeclared Var om-tutorial.core/_ at line 56 /Users/hero/code/om-tutorial/src/om_tutorial/core.cljs
WARNING: Use of undeclared Var om-tutorial.core/state at line 193 /Users/hero/code/om-tutorial/src/om_tutorial/core.cljs
Compiling target/figwheel_temp/dev/figwheel/connect.cljs
notifying browser that file changed:  out/om_tutorial/core.js
[32mSuccessfully compiled "resources/public/js/main.js" in 0.362 seconds.[0m
[0mCompiling "resources/public/js/main.js" from ["src"]...
Compiling /Users/hero/code/om-tutorial/src/om_tutorial/core.cljs
WARNING: Use of undeclared Var om-tutorial.core/_ at line 56 /Users/hero/code/om-tutorial/src/om_tutorial/core.cljs
Compiling target/figwheel_temp/dev/figwheel/connect.cljs
notifying browser that file changed:  out/om_tutorial/core.js
[32mSuccessfully compiled "resources/public/js/main.js" in 0.298 seconds.[0m
[0mCompiling "resources/public/js/main.js" from ["src"]...
Compiling /Users/hero/code/om-tutorial/src/om_tutorial/core.cljs
WARNING: Use of undeclared Var om-tutorial.core/_ at line 56 /Users/hero/code/om-tutorial/src/om_tutorial/core.cljs
Compiling target/figwheel_temp/dev/figwheel/connect.cljs
notifying browser that file changed:  out/om_tutorial/core.js
[32mSuccessfully compiled "resources/public/js/main.js" in 0.313 seconds.[0m
[0mCompiling "resources/public/js/main.js" from ["src"]...
Compiling /Users/hero/code/om-tutorial/src/om_tutorial/core.cljs
WARNING: Use of undeclared Var om-tutorial.core/_ at line 56 /Users/hero/code/om-tutorial/src/om_tutorial/core.cljs
Compiling target/figwheel_temp/dev/figwheel/connect.cljs
notifying browser that file changed:  out/om_tutorial/core.js
[32mSuccessfully compiled "resources/public/js/main.js" in 0.28 seconds.[0m
[0mCompiling "resources/public/js/main.js" from ["src"]...
Compiling /Users/hero/code/om-tutorial/src/om_tutorial/core.cljs
WARNING: Use of undeclared Var om-tutorial.core/_ at line 56 /Users/hero/code/om-tutorial/src/om_tutorial/core.cljs
Compiling target/figwheel_temp/dev/figwheel/connect.cljs
notifying browser that file changed:  out/om_tutorial/core.js
[32mSuccessfully compiled "resources/public/js/main.js" in 0.321 seconds.[0m
[0mCompiling "resources/public/js/main.js" from ["src"]...
Compiling /Users/hero/code/om-tutorial/src/om_tutorial/core.cljs
WARNING: Use of undeclared Var om-tutorial.core/_ at line 55 /Users/hero/code/om-tutorial/src/om_tutorial/core.cljs
Compiling target/figwheel_temp/dev/figwheel/connect.cljs
notifying browser that file changed:  out/om_tutorial/core.js
[32mSuccessfully compiled "resources/public/js/main.js" in 0.331 seconds.[0m
[0mCompiling "resources/public/js/main.js" from ["src"]...
Compiling /Users/hero/code/om-tutorial/src/om_tutorial/core.cljs
WARNING: Use of undeclared Var om-tutorial.core/_ at line 55 /Users/hero/code/om-tutorial/src/om_tutorial/core.cljs
Compiling target/figwheel_temp/dev/figwheel/connect.cljs
notifying browser that file changed:  out/om_tutorial/core.js
[32mSuccessfully compiled "resources/public/js/main.js" in 0.301 seconds.[0m
[0mCompiling "resources/public/js/main.js" from ["src"]...
Compiling /Users/hero/code/om-tutorial/src/om_tutorial/core.cljs
WARNING: Use of undeclared Var om-tutorial.core/_ at line 55 /Users/hero/code/om-tutorial/src/om_tutorial/core.cljs
Compiling target/figwheel_temp/dev/figwheel/connect.cljs
notifying browser that file changed:  out/om_tutorial/core.js
[32mSuccessfully compiled "resources/public/js/main.js" in 0.312 seconds.[0m
[0mCompiling "resources/public/js/main.js" from ["src"]...
Compiling /Users/hero/code/om-tutorial/src/om_tutorial/core.cljs
WARNING: Use of undeclared Var om-tutorial.core/_ at line 57 /Users/hero/code/om-tutorial/src/om_tutorial/core.cljs
Compiling target/figwheel_temp/dev/figwheel/connect.cljs
notifying browser that file changed:  out/om_tutorial/core.js
[32mSuccessfully compiled "resources/public/js/main.js" in 0.278 seconds.[0m
[0mCompiling "resources/public/js/main.js" from ["src"]...
Compiling /Users/hero/code/om-tutorial/src/om_tutorial/core.cljs
WARNING: Use of undeclared Var om-tutorial.core/_ at line 57 /Users/hero/code/om-tutorial/src/om_tutorial/core.cljs
Compiling target/figwheel_temp/dev/figwheel/connect.cljs
notifying browser that file changed:  out/om_tutorial/core.js
[32mSuccessfully compiled "resources/public/js/main.js" in 0.283 seconds.[0m
[0mCompiling "resources/public/js/main.js" from ["src"]...
Compiling /Users/hero/code/om-tutorial/src/om_tutorial/core.cljs
WARNING: Use of undeclared Var om-tutorial.core/_ at line 57 /Users/hero/code/om-tutorial/src/om_tutorial/core.cljs
Compiling target/figwheel_temp/dev/figwheel/connect.cljs
notifying browser that file changed:  out/om_tutorial/core.js
[32mSuccessfully compiled "resources/public/js/main.js" in 0.274 seconds.[0m
[0mCompiling "resources/public/js/main.js" from ["src"]...
Compiling /Users/hero/code/om-tutorial/src/om_tutorial/core.cljs
WARNING: Use of undeclared Var om-tutorial.core/_ at line 57 /Users/hero/code/om-tutorial/src/om_tutorial/core.cljs
Compiling target/figwheel_temp/dev/figwheel/connect.cljs
notifying browser that file changed:  out/om_tutorial/core.js
[32mSuccessfully compiled "resources/public/js/main.js" in 0.313 seconds.[0m
[0mCompiling "resources/public/js/main.js" from ["src"]...
Compiling /Users/hero/code/om-tutorial/src/om_tutorial/core.cljs
WARNING: Use of undeclared Var om-tutorial.core/_ at line 57 /Users/hero/code/om-tutorial/src/om_tutorial/core.cljs
Compiling target/figwheel_temp/dev/figwheel/connect.cljs
notifying browser that file changed:  out/om_tutorial/core.js
[32mSuccessfully compiled "resources/public/js/main.js" in 0.296 seconds.[0m
[0mCompiling "resources/public/js/main.js" from ["src"]...
Compiling /Users/hero/code/om-tutorial/src/om_tutorial/core.cljs
[31mCompiling "resources/public/js/main.js" failed.
[0mERROR: Unmatched delimiter ) on file /Users/hero/code/om-tutorial/src/om_tutorial/core.cljs, line 19, column 5
[32mSuccessfully compiled "resources/public/js/main.js" in 0.116 seconds.[0m
[0mCompiling "resources/public/js/main.js" from ["src"]...
notifying browser that file changed:  out/om_tutorial/core.js
[32mSuccessfully compiled "resources/public/js/main.js" in 0.128 seconds.[0m
[0mCompiling "resources/public/js/main.js" from ["src"]...
Compiling /Users/hero/code/om-tutorial/src/om_tutorial/core.cljs
[31mCompiling "resources/public/js/main.js" failed.
[0mERROR: EOF while reading, starting at line 8 and column 1 on file /Users/hero/code/om-tutorial/src/om_tutorial/core.cljs, line 203, column 1
[32mSuccessfully compiled "resources/public/js/main.js" in 0.087 seconds.[0m
[0mCompiling "resources/public/js/main.js" from ["src"]...
Compiling /Users/hero/code/om-tutorial/src/om_tutorial/core.cljs
WARNING: Use of undeclared Var om-tutorial.core/_ at line 58 /Users/hero/code/om-tutorial/src/om_tutorial/core.cljs
Compiling target/figwheel_temp/dev/figwheel/connect.cljs
notifying browser that file changed:  out/om_tutorial/core.js
[32mSuccessfully compiled "resources/public/js/main.js" in 0.318 seconds.[0m
[0mCompiling "resources/public/js/main.js" from ["src"]...
Compiling /Users/hero/code/om-tutorial/src/om_tutorial/core.cljs
WARNING: Use of undeclared Var om-tutorial.core/_ at line 58 /Users/hero/code/om-tutorial/src/om_tutorial/core.cljs
Compiling target/figwheel_temp/dev/figwheel/connect.cljs
notifying browser that file changed:  out/om_tutorial/core.js
[32mSuccessfully compiled "resources/public/js/main.js" in 0.323 seconds.[0m
[0mCompiling "resources/public/js/main.js" from ["src"]...
Compiling /Users/hero/code/om-tutorial/src/om_tutorial/core.cljs
WARNING: Use of undeclared Var om-tutorial.core/_ at line 60 /Users/hero/code/om-tutorial/src/om_tutorial/core.cljs
Compiling target/figwheel_temp/dev/figwheel/connect.cljs
notifying browser that file changed:  out/om_tutorial/core.js
[32mSuccessfully compiled "resources/public/js/main.js" in 0.313 seconds.[0m
[0mCompiling "resources/public/js/main.js" from ["src"]...
Compiling /Users/hero/code/om-tutorial/src/om_tutorial/core.cljs
WARNING: Use of undeclared Var om-tutorial.core/_ at line 59 /Users/hero/code/om-tutorial/src/om_tutorial/core.cljs
Compiling target/figwheel_temp/dev/figwheel/connect.cljs
notifying browser that file changed:  out/om_tutorial/core.js
[32mSuccessfully compiled "resources/public/js/main.js" in 0.325 seconds.[0m
[0mCompiling "resources/public/js/main.js" from ["src"]...
Compiling /Users/hero/code/om-tutorial/src/om_tutorial/core.cljs
[31mCompiling "resources/public/js/main.js" failed.
[0mERROR: Unmatched delimiter ) on file /Users/hero/code/om-tutorial/src/om_tutorial/core.cljs, line 20, column 21
[32mSuccessfully compiled "resources/public/js/main.js" in 0.084 seconds.[0m
[0mCompiling "resources/public/js/main.js" from ["src"]...
Compiling /Users/hero/code/om-tutorial/src/om_tutorial/core.cljs
WARNING: Use of undeclared Var om-tutorial.core/_ at line 60 /Users/hero/code/om-tutorial/src/om_tutorial/core.cljs
Compiling target/figwheel_temp/dev/figwheel/connect.cljs
notifying browser that file changed:  out/om_tutorial/core.js
[32mSuccessfully compiled "resources/public/js/main.js" in 0.32 seconds.[0m
[0mCompiling "resources/public/js/main.js" from ["src"]...
Compiling /Users/hero/code/om-tutorial/src/om_tutorial/core.cljs
WARNING: Use of undeclared Var om-tutorial.core/_ at line 59 /Users/hero/code/om-tutorial/src/om_tutorial/core.cljs
Compiling target/figwheel_temp/dev/figwheel/connect.cljs
notifying browser that file changed:  out/om_tutorial/core.js
[32mSuccessfully compiled "resources/public/js/main.js" in 0.307 seconds.[0m
[0mCompiling "resources/public/js/main.js" from ["src"]...
Compiling /Users/hero/code/om-tutorial/src/om_tutorial/core.cljs
WARNING: Use of undeclared Var om-tutorial.core/Home at line 9 /Users/hero/code/om-tutorial/src/om_tutorial/core.cljs
WARNING: Use of undeclared Var om-tutorial.core/About at line 10 /Users/hero/code/om-tutorial/src/om_tutorial/core.cljs
Compiling target/figwheel_temp/dev/figwheel/connect.cljs
notifying browser that file changed:  resources/public/js/goog/deps.js
notifying browser that file changed:  resources/public/js/cljs_deps.js
notifying browser that file changed:  out/om_tutorial/core.js
[32mSuccessfully compiled "resources/public/js/main.js" in 0.646 seconds.[0m
[0mCompiling "resources/public/js/main.js" from ["src"]...
Compiling /Users/hero/code/om-tutorial/src/om_tutorial/core.cljs
WARNING: Use of undeclared Var om-tutorial.core/Home at line 9 /Users/hero/code/om-tutorial/src/om_tutorial/core.cljs
WARNING: Use of undeclared Var om-tutorial.core/About at line 10 /Users/hero/code/om-tutorial/src/om_tutorial/core.cljs
[31mCompiling "resources/public/js/main.js" failed.
[0mANALYSIS ERROR: clojure.lang.PersistentArrayMap cannot be cast to clojure.lang.Named at line 35 /Users/hero/code/om-tutorial/src/om_tutorial/core.cljs on file /Users/hero/code/om-tutorial/src/om_tutorial/core.cljs, line 35, column 1
[32mSuccessfully compiled "resources/public/js/main.js" in 0.165 seconds.[0m
[0mCompiling "resources/public/js/main.js" from ["src"]...
Compiling /Users/hero/code/om-tutorial/src/om_tutorial/core.cljs
WARNING: Use of undeclared Var om-tutorial.core/Home at line 9 /Users/hero/code/om-tutorial/src/om_tutorial/core.cljs
WARNING: Use of undeclared Var om-tutorial.core/About at line 10 /Users/hero/code/om-tutorial/src/om_tutorial/core.cljs
Compiling target/figwheel_temp/dev/figwheel/connect.cljs
notifying browser that file changed:  out/om_tutorial/core.js
[32mSuccessfully compiled "resources/public/js/main.js" in 0.369 seconds.[0m
[0mCompiling "resources/public/js/main.js" from ["src"]...
Compiling /Users/hero/code/om-tutorial/src/om_tutorial/core.cljs
WARNING: Use of undeclared Var om-tutorial.core/Home at line 9 /Users/hero/code/om-tutorial/src/om_tutorial/core.cljs
WARNING: Use of undeclared Var om-tutorial.core/About at line 10 /Users/hero/code/om-tutorial/src/om_tutorial/core.cljs
Compiling target/figwheel_temp/dev/figwheel/connect.cljs
notifying browser that file changed:  out/om_tutorial/core.js
[32mSuccessfully compiled "resources/public/js/main.js" in 0.378 seconds.[0m
[0mCompiling "resources/public/js/main.js" from ["src"]...
Compiling /Users/hero/code/om-tutorial/src/om_tutorial/core.cljs
Compiling target/figwheel_temp/dev/figwheel/connect.cljs
notifying browser that file changed:  out/om_tutorial/core.js
[32mSuccessfully compiled "resources/public/js/main.js" in 0.39 seconds.[0m
[0mCompiling "resources/public/js/main.js" from ["src"]...
Compiling /Users/hero/code/om-tutorial/src/om_tutorial/core.cljs
Compiling target/figwheel_temp/dev/figwheel/connect.cljs
notifying browser that file changed:  out/om_tutorial/core.js
[32mSuccessfully compiled "resources/public/js/main.js" in 0.307 seconds.[0m
[0mCompiling "resources/public/js/main.js" from ["src"]...
Compiling /Users/hero/code/om-tutorial/src/om_tutorial/core.cljs
Compiling target/figwheel_temp/dev/figwheel/connect.cljs
notifying browser that file changed:  out/om_tutorial/core.js
[32mSuccessfully compiled "resources/public/js/main.js" in 0.31 seconds.[0m
[0mCompiling "resources/public/js/main.js" from ["src"]...
Compiling /Users/hero/code/om-tutorial/src/om_tutorial/core.cljs
Compiling target/figwheel_temp/dev/figwheel/connect.cljs
notifying browser that file changed:  out/om_tutorial/core.js
[32mSuccessfully compiled "resources/public/js/main.js" in 0.313 seconds.[0m
[0mCompiling "resources/public/js/main.js" from ["src"]...
Compiling /Users/hero/code/om-tutorial/src/om_tutorial/core.cljs
Compiling target/figwheel_temp/dev/figwheel/connect.cljs
notifying browser that file changed:  out/om_tutorial/core.js
[32mSuccessfully compiled "resources/public/js/main.js" in 0.319 seconds.[0m
[0mCompiling "resources/public/js/main.js" from ["src"]...
Compiling /Users/hero/code/om-tutorial/src/om_tutorial/core.cljs
Compiling target/figwheel_temp/dev/figwheel/connect.cljs
notifying browser that file changed:  out/om_tutorial/core.js
[32mSuccessfully compiled "resources/public/js/main.js" in 0.341 seconds.[0m
[0mCompiling "resources/public/js/main.js" from ["src"]...
Compiling /Users/hero/code/om-tutorial/src/om_tutorial/core.cljs
[31mCompiling "resources/public/js/main.js" failed.
[0mANALYSIS ERROR: Assert failed: Invalid signature for componentWillUpdate got [this], need [this next-props next-state]
(= (count sig') (count sig)) at line 64 /Users/hero/code/om-tutorial/src/om_tutorial/core.cljs on file /Users/hero/code/om-tutorial/src/om_tutorial/core.cljs, line 64, column 1
[32mSuccessfully compiled "resources/public/js/main.js" in 0.178 seconds.[0m
[0mCompiling "resources/public/js/main.js" from ["src"]...
Compiling /Users/hero/code/om-tutorial/src/om_tutorial/core.cljs
Compiling target/figwheel_temp/dev/figwheel/connect.cljs
notifying browser that file changed:  out/om_tutorial/core.js
[32mSuccessfully compiled "resources/public/js/main.js" in 0.302 seconds.[0m
[0mCompiling "resources/public/js/main.js" from ["src"]...
Compiling /Users/hero/code/om-tutorial/src/om_tutorial/core.cljs
WARNING: Use of undeclared Var om-tutorial.core/Home at line 9 /Users/hero/code/om-tutorial/src/om_tutorial/core.cljs
WARNING: Use of undeclared Var om-tutorial.core/About at line 10 /Users/hero/code/om-tutorial/src/om_tutorial/core.cljs
Compiling target/figwheel_temp/dev/figwheel/connect.cljs
notifying browser that file changed:  out/om_tutorial/core.js
[32mSuccessfully compiled "resources/public/js/main.js" in 0.403 seconds.[0m
[0mCompiling "resources/public/js/main.js" from ["src"]...
Compiling /Users/hero/code/om-tutorial/src/om_tutorial/core.cljs
WARNING: Use of undeclared Var om-tutorial.core/Home at line 9 /Users/hero/code/om-tutorial/src/om_tutorial/core.cljs
WARNING: Use of undeclared Var om-tutorial.core/About at line 10 /Users/hero/code/om-tutorial/src/om_tutorial/core.cljs
Compiling target/figwheel_temp/dev/figwheel/connect.cljs
notifying browser that file changed:  out/om_tutorial/core.js
[32mSuccessfully compiled "resources/public/js/main.js" in 0.365 seconds.[0m
[0mCompiling "resources/public/js/main.js" from ["src"]...
Compiling /Users/hero/code/om-tutorial/src/om_tutorial/core.cljs
Compiling target/figwheel_temp/dev/figwheel/connect.cljs
notifying browser that file changed:  out/om_tutorial/core.js
[32mSuccessfully compiled "resources/public/js/main.js" in 0.303 seconds.[0m
[0mCompiling "resources/public/js/main.js" from ["src"]...
Compiling /Users/hero/code/om-tutorial/src/om_tutorial/core.cljs
Compiling target/figwheel_temp/dev/figwheel/connect.cljs
notifying browser that file changed:  out/om_tutorial/core.js
[32mSuccessfully compiled "resources/public/js/main.js" in 0.288 seconds.[0m
[0mCompiling "resources/public/js/main.js" from ["src"]...
Compiling /Users/hero/code/om-tutorial/src/om_tutorial/core.cljs
Compiling target/figwheel_temp/dev/figwheel/connect.cljs
notifying browser that file changed:  out/om_tutorial/core.js
[32mSuccessfully compiled "resources/public/js/main.js" in 0.289 seconds.[0m
[0mCompiling "resources/public/js/main.js" from ["src"]...
Compiling /Users/hero/code/om-tutorial/src/om_tutorial/core.cljs
Compiling target/figwheel_temp/dev/figwheel/connect.cljs
notifying browser that file changed:  out/om_tutorial/core.js
[32mSuccessfully compiled "resources/public/js/main.js" in 0.286 seconds.[0m
[0mCompiling "resources/public/js/main.js" from ["src"]...
Compiling /Users/hero/code/om-tutorial/src/om_tutorial/core.cljs
Compiling target/figwheel_temp/dev/figwheel/connect.cljs
notifying browser that file changed:  out/om_tutorial/core.js
[32mSuccessfully compiled "resources/public/js/main.js" in 0.292 seconds.[0m
[0mCompiling "resources/public/js/main.js" from ["src"]...
Compiling /Users/hero/code/om-tutorial/src/om_tutorial/core.cljs
Compiling target/figwheel_temp/dev/figwheel/connect.cljs
notifying browser that file changed:  out/om_tutorial/core.js
[32mSuccessfully compiled "resources/public/js/main.js" in 0.287 seconds.[0m
[0mCompiling "resources/public/js/main.js" from ["src"]...
Compiling /Users/hero/code/om-tutorial/src/om_tutorial/core.cljs
Compiling target/figwheel_temp/dev/figwheel/connect.cljs
notifying browser that file changed:  out/om_tutorial/core.js
[32mSuccessfully compiled "resources/public/js/main.js" in 0.325 seconds.[0m
[0mCompiling "resources/public/js/main.js" from ["src"]...
Compiling /Users/hero/code/om-tutorial/src/om_tutorial/core.cljs
Compiling target/figwheel_temp/dev/figwheel/connect.cljs
notifying browser that file changed:  out/om_tutorial/core.js
[32mSuccessfully compiled "resources/public/js/main.js" in 0.291 seconds.[0m
[0mCompiling "resources/public/js/main.js" from ["src"]...
Compiling /Users/hero/code/om-tutorial/src/om_tutorial/core.cljs
Compiling target/figwheel_temp/dev/figwheel/connect.cljs
notifying browser that file changed:  out/om_tutorial/core.js
[32mSuccessfully compiled "resources/public/js/main.js" in 0.283 seconds.[0m
[0mCompiling "resources/public/js/main.js" from ["src"]...
Compiling /Users/hero/code/om-tutorial/src/om_tutorial/core.cljs
Compiling target/figwheel_temp/dev/figwheel/connect.cljs
notifying browser that file changed:  out/om_tutorial/core.js
[32mSuccessfully compiled "resources/public/js/main.js" in 0.345 seconds.[0m
[0mCompiling "resources/public/js/main.js" from ["src"]...
Compiling /Users/hero/code/om-tutorial/src/om_tutorial/core.cljs
Compiling target/figwheel_temp/dev/figwheel/connect.cljs
notifying browser that file changed:  out/om_tutorial/core.js
[32mSuccessfully compiled "resources/public/js/main.js" in 0.295 seconds.[0m
[0mCompiling "resources/public/js/main.js" from ["src"]...
Compiling /Users/hero/code/om-tutorial/src/om_tutorial/core.cljs
WARNING: Use of undeclared Var om-tutorial.core/Root at line 162 /Users/hero/code/om-tutorial/src/om_tutorial/core.cljs
Compiling target/figwheel_temp/dev/figwheel/connect.cljs
notifying browser that file changed:  out/om_tutorial/core.js
[32mSuccessfully compiled "resources/public/js/main.js" in 0.286 seconds.[0m
[0mCompiling "resources/public/js/main.js" from ["src"]...
Compiling /Users/hero/code/om-tutorial/src/om_tutorial/core.cljs
Compiling target/figwheel_temp/dev/figwheel/connect.cljs
notifying browser that file changed:  out/om_tutorial/core.js
[32mSuccessfully compiled "resources/public/js/main.js" in 0.302 seconds.[0m
[0mCompiling "resources/public/js/main.js" from ["src"]...
Compiling /Users/hero/code/om-tutorial/src/om_tutorial/core.cljs
Compiling target/figwheel_temp/dev/figwheel/connect.cljs
notifying browser that file changed:  out/om_tutorial/core.js
[32mSuccessfully compiled "resources/public/js/main.js" in 0.284 seconds.[0m
[0mCompiling "resources/public/js/main.js" from ["src"]...
Compiling /Users/hero/code/om-tutorial/src/om_tutorial/core.cljs
Compiling target/figwheel_temp/dev/figwheel/connect.cljs
notifying browser that file changed:  out/om_tutorial/core.js
[32mSuccessfully compiled "resources/public/js/main.js" in 0.289 seconds.[0m
[0mCompiling "resources/public/js/main.js" from ["src"]...
Compiling /Users/hero/code/om-tutorial/src/om_tutorial/core.cljs
Compiling target/figwheel_temp/dev/figwheel/connect.cljs
notifying browser that file changed:  out/om_tutorial/core.js
[32mSuccessfully compiled "resources/public/js/main.js" in 0.317 seconds.[0m
[0mCompiling "resources/public/js/main.js" from ["src"]...
Compiling /Users/hero/code/om-tutorial/src/om_tutorial/core.cljs
Compiling target/figwheel_temp/dev/figwheel/connect.cljs
notifying browser that file changed:  out/om_tutorial/core.js
[32mSuccessfully compiled "resources/public/js/main.js" in 0.299 seconds.[0m
[0mCompiling "resources/public/js/main.js" from ["src"]...
Compiling /Users/hero/code/om-tutorial/src/om_tutorial/core.cljs
Compiling target/figwheel_temp/dev/figwheel/connect.cljs
notifying browser that file changed:  out/om_tutorial/core.js
[32mSuccessfully compiled "resources/public/js/main.js" in 0.294 seconds.[0m
[0mCompiling "resources/public/js/main.js" from ["src"]...
Compiling /Users/hero/code/om-tutorial/src/om_tutorial/core.cljs
[31mCompiling "resources/public/js/main.js" failed.
[0mERROR: Unmatched delimiter ] on file /Users/hero/code/om-tutorial/src/om_tutorial/core.cljs, line 36, column 23
[32mSuccessfully compiled "resources/public/js/main.js" in 0.098 seconds.[0m
[0mCompiling "resources/public/js/main.js" from ["src"]...
Compiling /Users/hero/code/om-tutorial/src/om_tutorial/core.cljs
Compiling target/figwheel_temp/dev/figwheel/connect.cljs
notifying browser that file changed:  out/om_tutorial/core.js
[32mSuccessfully compiled "resources/public/js/main.js" in 0.312 seconds.[0m
[0mCompiling "resources/public/js/main.js" from ["src"]...
Compiling /Users/hero/code/om-tutorial/src/om_tutorial/core.cljs
Compiling target/figwheel_temp/dev/figwheel/connect.cljs
notifying browser that file changed:  out/om_tutorial/core.js
[32mSuccessfully compiled "resources/public/js/main.js" in 0.295 seconds.[0m
[0mCompiling "resources/public/js/main.js" from ["src"]...
Compiling /Users/hero/code/om-tutorial/src/om_tutorial/core.cljs
Compiling target/figwheel_temp/dev/figwheel/connect.cljs
notifying browser that file changed:  out/om_tutorial/core.js
[32mSuccessfully compiled "resources/public/js/main.js" in 0.292 seconds.[0m
[0mCompiling "resources/public/js/main.js" from ["src"]...
Compiling /Users/hero/code/om-tutorial/src/om_tutorial/core.cljs
Compiling target/figwheel_temp/dev/figwheel/connect.cljs
notifying browser that file changed:  out/om_tutorial/core.js
[32mSuccessfully compiled "resources/public/js/main.js" in 0.288 seconds.[0m
[0mCompiling "resources/public/js/main.js" from ["src"]...
Compiling /Users/hero/code/om-tutorial/src/om_tutorial/core.cljs
Compiling target/figwheel_temp/dev/figwheel/connect.cljs
notifying browser that file changed:  out/om_tutorial/core.js
[32mSuccessfully compiled "resources/public/js/main.js" in 0.287 seconds.[0m
[0mCompiling "resources/public/js/main.js" from ["src"]...
Compiling /Users/hero/code/om-tutorial/src/om_tutorial/core.cljs
Compiling target/figwheel_temp/dev/figwheel/connect.cljs
notifying browser that file changed:  out/om_tutorial/core.js
[32mSuccessfully compiled "resources/public/js/main.js" in 0.335 seconds.[0m
[0mCompiling "resources/public/js/main.js" from ["src"]...
Compiling /Users/hero/code/om-tutorial/src/om_tutorial/core.cljs
Compiling target/figwheel_temp/dev/figwheel/connect.cljs
notifying browser that file changed:  out/om_tutorial/core.js
[32mSuccessfully compiled "resources/public/js/main.js" in 0.284 seconds.[0m
[0mCompiling "resources/public/js/main.js" from ["src"]...
Compiling /Users/hero/code/om-tutorial/src/om_tutorial/core.cljs
[31mCompiling "resources/public/js/main.js" failed.
[0mANALYSIS ERROR: Assert failed: Invalid signature for componentWillUpdate got [this], need [this next-props next-state]
(= (count sig') (count sig)) at line 152 /Users/hero/code/om-tutorial/src/om_tutorial/core.cljs on file /Users/hero/code/om-tutorial/src/om_tutorial/core.cljs, line 152, column 1
[32mSuccessfully compiled "resources/public/js/main.js" in 0.174 seconds.[0m
[0mCompiling "resources/public/js/main.js" from ["src"]...
Compiling /Users/hero/code/om-tutorial/src/om_tutorial/core.cljs
Compiling target/figwheel_temp/dev/figwheel/connect.cljs
notifying browser that file changed:  out/om_tutorial/core.js
[32mSuccessfully compiled "resources/public/js/main.js" in 0.29 seconds.[0m
[0mCompiling "resources/public/js/main.js" from ["src"]...
Compiling /Users/hero/code/om-tutorial/src/om_tutorial/core.cljs
Compiling target/figwheel_temp/dev/figwheel/connect.cljs
notifying browser that file changed:  out/om_tutorial/core.js
[32mSuccessfully compiled "resources/public/js/main.js" in 0.285 seconds.[0m
[0mCompiling "resources/public/js/main.js" from ["src"]...
Compiling /Users/hero/code/om-tutorial/src/om_tutorial/core.cljs
Compiling target/figwheel_temp/dev/figwheel/connect.cljs
notifying browser that file changed:  out/om_tutorial/core.js
[32mSuccessfully compiled "resources/public/js/main.js" in 0.285 seconds.[0m
[0mCompiling "resources/public/js/main.js" from ["src"]...
Compiling /Users/hero/code/om-tutorial/src/om_tutorial/core.cljs
Compiling target/figwheel_temp/dev/figwheel/connect.cljs
notifying browser that file changed:  out/om_tutorial/core.js
[32mSuccessfully compiled "resources/public/js/main.js" in 0.308 seconds.[0m
[0mCompiling "resources/public/js/main.js" from ["src"]...
Compiling /Users/hero/code/om-tutorial/src/om_tutorial/core.cljs
Compiling target/figwheel_temp/dev/figwheel/connect.cljs
notifying browser that file changed:  out/om_tutorial/core.js
[32mSuccessfully compiled "resources/public/js/main.js" in 0.298 seconds.[0m
